%!Adobe-FontList 1.14
%Locale:0x412

%BeginFont
Handler:DirectoryHandler
FontType:Invalid
OutlineFileName:C:\Users\304-01\Desktop\tjoeuncafe\Font\fontello.eot
FileModTime:1515437040
%EndFont

%BeginFont
Handler:DirectoryHandler
FontType:Invalid
OutlineFileName:C:\Users\304-01\Desktop\tjoeuncafe\Font\fontello.svg
FileModTime:1515437040
%EndFont

%BeginFont
Handler:DirectoryHandler
FontType:TrueType
FontName:fontello
FamilyName:fontello
StyleName:Regular
FullName:fontello
MenuName:fontello
StyleBits:0
WritingScript:Roman
OutlineFileName:C:\Users\304-01\Desktop\tjoeuncafe\Font\fontello.ttf
DataFormat:sfntData
FileLength:9312
FileModTime:1515437040
WeightClass:400
WidthClass:5
AngleClass:0
%EndFont

%BeginFont
Handler:DirectoryHandler
FontType:Invalid
OutlineFileName:C:\Users\304-01\Desktop\tjoeuncafe\Font\fontello.woff
FileModTime:1515437040
%EndFont

%BeginFont
Handler:DirectoryHandler
FontType:Invalid
OutlineFileName:C:\Users\304-01\Desktop\tjoeuncafe\Font\fontello.woff2
FileModTime:1515437040
%EndFont

